Arguments: 
  /Users/pp/.nvm/versions/node/v10.9.0/bin/node /Users/pp/.nvm/versions/node/v10.9.0/bin/yarn init

PATH: 
  /Users/pp/.nvm/versions/node/v10.9.0/bin:/usr/local/n/versions/node/10.8.0/bin:/usr/local/bin:/usr/bin:/bin:/usr/sbin:/sbin:/usr/local/git/bin:/usr/local/n/versions/node/10.8.0/bin:/Users/pp/Library/Android/sdk/platform-tools:/Users/pp/Library/Android/sdk/tools:/usr/local/MongoDB/bin:/Users/pp/Library/Android/sdk/platform-tools:/Users/pp/Library/Android/sdk/tools:/usr/local/MongoDB/bin

Yarn version: 
  1.19.1

Node version: 
  10.9.0

Platform: 
  darwin x64

Trace: 
  Error: canceled
      at Interface.<anonymous> (/Users/pp/.nvm/versions/node/v10.9.0/lib/node_modules/yarn/lib/cli.js:136824:13)
      at Interface.emit (events.js:182:13)
      at Interface._ttyWrite (readline.js:783:16)
      at ReadStream.onkeypress (readline.js:168:10)
      at ReadStream.emit (events.js:182:13)
      at emitKeys (internal/readline.js:422:14)
      at emitKeys.next (<anonymous>)
      at ReadStream.onData (readline.js:1022:36)
      at ReadStream.emit (events.js:182:13)
      at addChunk (_stream_readable.js:283:12)

npm manifest: 
  {
    "name": "try",
    "version": "1.0.0",
    "main": "index.js",
    "license": "MIT",
    "dependencies": {},
    "devDependencies": {
      "child_process": "^1.0.2",
      "fs": "^0.0.1-security",
      "iconv-lite": "^0.5.0",
      "xlsx": "^0.15.1"
    },
    "bin": {
      "shoot": "/Users/pp/VSProjects/try/src/map.js"
    }
  }

yarn manifest: 
  No manifest

Lockfile: 
  # THIS IS AN AUTOGENERATED FILE. DO NOT EDIT THIS FILE DIRECTLY.
  # yarn lockfile v1
  
  
  adler-32@~1.2.0:
    version "1.2.0"
    resolved "https://registry.npm.taobao.org/adler-32/download/adler-32-1.2.0.tgz#6a3e6bf0a63900ba15652808cb15c6813d1a5f25"
    integrity sha1-aj5r8KY5ALoVZSgIyxXGgT0aXyU=
    dependencies:
      exit-on-epipe "~1.0.1"
      printj "~1.1.0"
  
  cfb@^1.1.3:
    version "1.1.3"
    resolved "https://registry.npm.taobao.org/cfb/download/cfb-1.1.3.tgz#05de6816259c8e8bc32713aba905608ee385df66"
    integrity sha1-Bd5oFiWcjovDJxOrqQVgjuOF32Y=
    dependencies:
      adler-32 "~1.2.0"
      commander "^2.16.0"
      crc-32 "~1.2.0"
      printj "~1.1.2"
  
  child_process@^1.0.2:
    version "1.0.2"
    resolved "https://registry.npm.taobao.org/child_process/download/child_process-1.0.2.tgz#b1f7e7fc73d25e7fd1d455adc94e143830182b5a"
    integrity sha1-sffn/HPSXn/R1FWtyU4UODAYK1o=
  
  codepage@~1.14.0:
    version "1.14.0"
    resolved "https://registry.npm.taobao.org/codepage/download/codepage-1.14.0.tgz#8cbe25481323559d7d307571b0fff91e7a1d2f99"
    integrity sha1-jL4lSBMjVZ19MHVxsP/5HnodL5k=
    dependencies:
      commander "~2.14.1"
      exit-on-epipe "~1.0.1"
  
  commander@^2.16.0:
    version "2.20.3"
    resolved "https://registry.npm.taobao.org/commander/download/commander-2.20.3.tgz#fd485e84c03eb4881c20722ba48035e8531aeb33"
    integrity sha1-/UhehMA+tIgcIHIrpIA16FMa6zM=
  
  commander@~2.14.1:
    version "2.14.1"
    resolved "https://registry.npm.taobao.org/commander/download/commander-2.14.1.tgz#2235123e37af8ca3c65df45b026dbd357b01b9aa"
    integrity sha1-IjUSPjevjKPGXfRbAm29NXsBuao=
  
  commander@~2.17.1:
    version "2.17.1"
    resolved "https://registry.npm.taobao.org/commander/download/commander-2.17.1.tgz#bd77ab7de6de94205ceacc72f1716d29f20a77bf"
    integrity sha1-vXerfebelCBc6sxy8XFtKfIKd78=
  
  crc-32@~1.2.0:
    version "1.2.0"
    resolved "https://registry.npm.taobao.org/crc-32/download/crc-32-1.2.0.tgz#cb2db6e29b88508e32d9dd0ec1693e7b41a18208"
    integrity sha1-yy224puIUI4y2d0OwWk+e0Ghggg=
    dependencies:
      exit-on-epipe "~1.0.1"
      printj "~1.1.0"
  
  exit-on-epipe@~1.0.1:
    version "1.0.1"
    resolved "https://registry.npm.taobao.org/exit-on-epipe/download/exit-on-epipe-1.0.1.tgz#0bdd92e87d5285d267daa8171d0eb06159689692"
    integrity sha1-C92S6H1ShdJn2qgXHQ6wYVlolpI=
  
  frac@~1.1.2:
    version "1.1.2"
    resolved "https://registry.npm.taobao.org/frac/download/frac-1.1.2.tgz#3d74f7f6478c88a1b5020306d747dc6313c74d0b"
    integrity sha1-PXT39keMiKG1AgMG10fcYxPHTQs=
  
  fs@^0.0.1-security:
    version "0.0.1-security"
    resolved "https://registry.npm.taobao.org/fs/download/fs-0.0.1-security.tgz#8a7bd37186b6dddf3813f23858b57ecaaf5e41d4"
    integrity sha1-invTcYa23d84E/I4WLV+yq9eQdQ=
  
  iconv-lite@^0.5.0:
    version "0.5.0"
    resolved "https://registry.npm.taobao.org/iconv-lite/download/iconv-lite-0.5.0.tgz#59cdde0a2a297cc2aeb0c6445a195ee89f127550"
    integrity sha1-Wc3eCiopfMKusMZEWhle6J8SdVA=
    dependencies:
      safer-buffer ">= 2.1.2 < 3"
  
  printj@~1.1.0, printj@~1.1.2:
    version "1.1.2"
    resolved "https://registry.npm.taobao.org/printj/download/printj-1.1.2.tgz#d90deb2975a8b9f600fb3a1c94e3f4c53c78a222"
    integrity sha1-2Q3rKXWoufYA+zoclOP0xTx4oiI=
  
  "safer-buffer@>= 2.1.2 < 3":
    version "2.1.2"
    resolved "https://registry.npm.taobao.org/safer-buffer/download/safer-buffer-2.1.2.tgz#44fa161b0187b9549dd84bb91802f9bd8385cd6a"
    integrity sha1-RPoWGwGHuVSd2Eu5GAL5vYOFzWo=
  
  ssf@~0.10.2:
    version "0.10.2"
    resolved "https://registry.npm.taobao.org/ssf/download/ssf-0.10.2.tgz#65b2b4fcdfd967bc8e8383a41349009893115976"
    integrity sha1-ZbK0/N/ZZ7yOg4OkE0kAmJMRWXY=
    dependencies:
      frac "~1.1.2"
  
  xlsx@^0.15.1:
    version "0.15.1"
    resolved "https://registry.npm.taobao.org/xlsx/download/xlsx-0.15.1.tgz#a767c4d412cbd0c95b30dbcd48bed7de428eb107"
    integrity sha1-p2fE1BLL0MlbMNvNSL7X3kKOsQc=
    dependencies:
      adler-32 "~1.2.0"
      cfb "^1.1.3"
      codepage "~1.14.0"
      commander "~2.17.1"
      crc-32 "~1.2.0"
      exit-on-epipe "~1.0.1"
      ssf "~0.10.2"
